<?xml version="1.0" encoding="UTF-8"?>
<testng-results skipped="0" failed="0" ignored="0" total="1" passed="1">
  <reporter-output>
  </reporter-output>
  <suite name="Default suite" duration-ms="49684" started-at="2022-01-16T19:20:50 IST" finished-at="2022-01-16T19:21:40 IST">
    <groups>
    </groups>
    <test name="Default test" duration-ms="49684" started-at="2022-01-16T19:20:50 IST" finished-at="2022-01-16T19:21:40 IST">
      <class name="SeleniumSessions.MutlipleTabsOpening">
        <test-method status="PASS" signature="openMultipleBrowserTabs()[pri:0, instance:SeleniumSessions.MutlipleTabsOpening@3043fe0e]" name="openMultipleBrowserTabs" duration-ms="49623" started-at="2022-01-16T19:20:50 IST" finished-at="2022-01-16T19:21:40 IST">
          <reporter-output>
          </reporter-output>
        </test-method> <!-- openMultipleBrowserTabs -->
      </class> <!-- SeleniumSessions.MutlipleTabsOpening -->
    </test> <!-- Default test -->
  </suite> <!-- Default suite -->
</testng-results>
