<?xml version="1.0" encoding="UTF-8"?>
<!-- Generated by org.testng.reporters.JUnitXMLReporter -->
<testsuite hostname="Ritus-MacBook-Pro.local" ignored="0" name="My testng practice Sanitytest" tests="3" failures="0" timestamp="2021-03-05T22:01:23 IST" time="0.057" errors="0">
  <testcase name="loginTest" time="0.009" classname="TestNGSessions.DependsOnMethods"/>
  <testcase name="homePageTest" time="0.003" classname="TestNGSessions.DependsOnMethods"/>
  <testcase name="searchTest" time="0.001" classname="TestNGSessions.DependsOnMethods"/>
</testsuite> <!-- My testng practice Sanitytest -->
