<?xml version="1.0" encoding="UTF-8"?>
<!-- Generated by org.testng.reporters.JUnitXMLReporter -->
<testsuite hostname="Ritus-MacBook-Pro.local" ignored="0" name="My testng practice test" tests="13" failures="0" timestamp="2021-03-05T21:56:35 IST" time="0.094" errors="0">
  <testcase name="loginTest" time="0.009" classname="TestNGSessions.DependsOnMethods"/>
  <testcase name="homePageTest" time="0.001" classname="TestNGSessions.DependsOnMethods"/>
  <testcase name="searchTest" time="0.002" classname="TestNGSessions.DependsOnMethods"/>
  <testcase name="createUser" time="0.001" classname="TestNGSessions.InvocationCountConcept"/>
  <testcase name="createUser" time="0.001" classname="TestNGSessions.InvocationCountConcept"/>
  <testcase name="createUser" time="0.001" classname="TestNGSessions.InvocationCountConcept"/>
  <testcase name="createUser" time="0.004" classname="TestNGSessions.InvocationCountConcept"/>
  <testcase name="createUser" time="0.003" classname="TestNGSessions.InvocationCountConcept"/>
  <testcase name="createUser" time="0.003" classname="TestNGSessions.InvocationCountConcept"/>
  <testcase name="createUser" time="0.002" classname="TestNGSessions.InvocationCountConcept"/>
  <testcase name="createUser" time="0.001" classname="TestNGSessions.InvocationCountConcept"/>
  <testcase name="createUser" time="0.0" classname="TestNGSessions.InvocationCountConcept"/>
  <testcase name="createUser" time="0.002" classname="TestNGSessions.InvocationCountConcept"/>
</testsuite> <!-- My testng practice test -->
